android/app/build/intermediates/manifest_merge_blame_file/app_releaseRelease/manifest-merger-blame-app_release-release-report.txt
1<?xml version="1.0" encoding="utf-8"?>
2<manifest xmlns:android="http://schemas.android.com/apk/res/android"
3    package="com.app.majrekar.majrekar_app"
4    android:versionCode="1"
5    android:versionName="1.0.0" >
6
7    <uses-sdk
8        android:minSdkVersion="23"
9        android:targetSdkVersion="34" />
10
11    <uses-feature
11-->src\main\AndroidManifest.xml:3:5-5:36
12        android:name="android.hardware.telephony"
12-->src\main\AndroidManifest.xml:4:9-50
13        android:required="false" />
13-->src\main\AndroidManifest.xml:5:9-33
14    <uses-feature
14-->src\main\AndroidManifest.xml:7:5-86
15        android:name="android.hardware.bluetooth"
15-->src\main\AndroidManifest.xml:7:19-60
16        android:required="true" />
16-->src\main\AndroidManifest.xml:7:61-84
17    <uses-feature
17-->src\main\AndroidManifest.xml:8:5-89
18        android:name="android.hardware.bluetooth_le"
18-->src\main\AndroidManifest.xml:8:19-63
19        android:required="true" />
19-->src\main\AndroidManifest.xml:8:64-87
20
21    <uses-permission android:name="android.permission.INTERNET" />
21-->src\main\AndroidManifest.xml:10:5-66
21-->src\main\AndroidManifest.xml:10:22-64
22    <uses-permission android:name="android.permission.SEND_SMS" />
22-->src\main\AndroidManifest.xml:11:5-66
22-->src\main\AndroidManifest.xml:11:22-64
23
24    <!-- required for API 18 - 30 -->
25    <uses-permission
25-->src\main\AndroidManifest.xml:14:5-16:38
26        android:name="android.permission.BLUETOOTH"
26-->src\main\AndroidManifest.xml:15:9-52
27        android:maxSdkVersion="30" />
27-->src\main\AndroidManifest.xml:16:9-35
28    <uses-permission
28-->src\main\AndroidManifest.xml:17:5-19:38
29        android:name="android.permission.BLUETOOTH_ADMIN"
29-->src\main\AndroidManifest.xml:18:9-58
30        android:maxSdkVersion="30" />
30-->src\main\AndroidManifest.xml:19:9-35
31
32    <!-- required for API 23 - 30 -->
33    <uses-permission-sdk-23
33-->src\main\AndroidManifest.xml:22:5-24:38
34        android:name="android.permission.ACCESS_COARSE_LOCATION"
34-->src\main\AndroidManifest.xml:23:9-65
35        android:maxSdkVersion="30" />
35-->src\main\AndroidManifest.xml:24:9-35
36    <uses-permission-sdk-23
36-->src\main\AndroidManifest.xml:25:5-27:38
37        android:name="android.permission.ACCESS_FINE_LOCATION"
37-->src\main\AndroidManifest.xml:26:9-63
38        android:maxSdkVersion="30" />
38-->src\main\AndroidManifest.xml:27:9-35
39
40    <!-- API 31+ -->
41    <uses-permission android:name="android.permission.BLUETOOTH_CONNECT" />
41-->src\main\AndroidManifest.xml:30:5-76
41-->src\main\AndroidManifest.xml:30:22-73
42    <uses-permission
42-->src\main\AndroidManifest.xml:31:5-33:57
43        android:name="android.permission.BLUETOOTH_SCAN"
43-->src\main\AndroidManifest.xml:32:9-57
44        android:usesPermissionFlags="neverForLocation" />
44-->src\main\AndroidManifest.xml:33:9-55
45    <uses-permission android:name="android.permission.ACCESS_COARSE_LOCATION" />
45-->[:another_telephony] AndroidManifest.xml:7:5-81
45-->[:another_telephony] AndroidManifest.xml:7:22-78
46    <uses-permission android:name="android.permission.ACCESS_FINE_LOCATION" />
46-->[:bluetooth_print] AndroidManifest.xml:11:5-79
46-->[:bluetooth_print] AndroidManifest.xml:11:22-76
47
48    <permission
48-->[androidx.core:core:1.13.1] AndroidManifest.xml:22:5-24:47
49        android:name="com.app.majrekar.majrekar_app.DYNAMIC_RECEIVER_NOT_EXPORTED_PERMISSION"
49-->[androidx.core:core:1.13.1] AndroidManifest.xml:23:9-81
50        android:protectionLevel="signature" />
50-->[androidx.core:core:1.13.1] AndroidManifest.xml:24:9-44
51
52    <uses-permission android:name="com.app.majrekar.majrekar_app.DYNAMIC_RECEIVER_NOT_EXPORTED_PERMISSION" />
52-->[androidx.core:core:1.13.1] AndroidManifest.xml:26:5-97
52-->[androidx.core:core:1.13.1] AndroidManifest.xml:26:22-94
53
54    <application
55        android:name="android.app.Application"
55-->src\main\AndroidManifest.xml:37:9-42
56        android:appComponentFactory="androidx.core.app.CoreComponentFactory"
56-->[androidx.core:core:1.13.1] AndroidManifest.xml:28:18-86
57        android:extractNativeLibs="false"
58        android:icon="@drawable/logo"
58-->src\main\AndroidManifest.xml:38:9-38
59        android:label="143 Dombivali" >
59-->src\main\AndroidManifest.xml:36:9-38
60        <activity
60-->src\main\AndroidManifest.xml:39:9-59:20
61            android:name="com.app.majrekar.majrekar_app.MainActivity"
61-->src\main\AndroidManifest.xml:40:13-41
62            android:configChanges="orientation|keyboardHidden|keyboard|screenSize|smallestScreenSize|locale|layoutDirection|fontScale|screenLayout|density|uiMode"
62-->src\main\AndroidManifest.xml:44:13-163
63            android:exported="true"
63-->src\main\AndroidManifest.xml:41:13-36
64            android:hardwareAccelerated="true"
64-->src\main\AndroidManifest.xml:45:13-47
65            android:launchMode="singleTop"
65-->src\main\AndroidManifest.xml:42:13-43
66            android:theme="@style/LaunchTheme"
66-->src\main\AndroidManifest.xml:43:13-47
67            android:windowSoftInputMode="adjustResize" >
67-->src\main\AndroidManifest.xml:46:13-55
68
69            <!--
70                 Specifies an Android theme to apply to this Activity as soon as
71                 the Android process has started. This theme is visible to the user
72                 while the Flutter UI initializes. After that, this theme continues
73                 to determine the Window background behind the Flutter UI.
74            -->
75            <meta-data
75-->src\main\AndroidManifest.xml:51:13-54:17
76                android:name="io.flutter.embedding.android.NormalTheme"
76-->src\main\AndroidManifest.xml:52:15-70
77                android:resource="@style/NormalTheme" />
77-->src\main\AndroidManifest.xml:53:15-52
78
79            <intent-filter>
79-->src\main\AndroidManifest.xml:55:13-58:29
80                <action android:name="android.intent.action.MAIN" />
80-->src\main\AndroidManifest.xml:56:17-68
80-->src\main\AndroidManifest.xml:56:25-66
81
82                <category android:name="android.intent.category.LAUNCHER" />
82-->src\main\AndroidManifest.xml:57:17-76
82-->src\main\AndroidManifest.xml:57:27-74
83            </intent-filter>
84        </activity>
85        <!--
86             Don't delete the meta-data below.
87             This is used by the Flutter tool to generate GeneratedPluginRegistrant.java
88        -->
89        <meta-data
89-->src\main\AndroidManifest.xml:62:9-64:33
90            android:name="flutterEmbedding"
90-->src\main\AndroidManifest.xml:63:13-44
91            android:value="2" />
91-->src\main\AndroidManifest.xml:64:13-30
92
93        <provider
93-->[:open_file_android] AndroidManifest.xml:9:9-19:20
94            android:name="com.crazecoder.openfile.FileProvider"
94-->[:open_file_android] AndroidManifest.xml:10:13-64
95            android:authorities="com.app.majrekar.majrekar_app.fileProvider.com.crazecoder.openfile"
95-->[:open_file_android] AndroidManifest.xml:11:13-88
96            android:exported="false"
96-->[:open_file_android] AndroidManifest.xml:12:13-37
97            android:grantUriPermissions="true"
97-->[:open_file_android] AndroidManifest.xml:13:13-47
98            android:requestLegacyExternalStorage="true" >
98-->[:open_file_android] AndroidManifest.xml:14:13-56
99            <meta-data
99-->[:open_file_android] AndroidManifest.xml:16:13-18:53
100                android:name="android.support.FILE_PROVIDER_PATHS"
100-->[:open_file_android] AndroidManifest.xml:17:17-67
101                android:resource="@xml/filepaths" />
101-->[:open_file_android] AndroidManifest.xml:18:17-50
102        </provider>
103        <!--
104           Declares a provider which allows us to store files to share in
105           '.../caches/share_plus' and grant the receiving action access
106        -->
107        <provider
107-->[:share_plus] AndroidManifest.xml:13:9-21:20
108            android:name="dev.fluttercommunity.plus.share.ShareFileProvider"
108-->[:share_plus] AndroidManifest.xml:14:13-77
109            android:authorities="com.app.majrekar.majrekar_app.flutter.share_provider"
109-->[:share_plus] AndroidManifest.xml:15:13-74
110            android:exported="false"
110-->[:share_plus] AndroidManifest.xml:16:13-37
111            android:grantUriPermissions="true" >
111-->[:share_plus] AndroidManifest.xml:17:13-47
112            <meta-data
112-->[:open_file_android] AndroidManifest.xml:16:13-18:53
113                android:name="android.support.FILE_PROVIDER_PATHS"
113-->[:open_file_android] AndroidManifest.xml:17:17-67
114                android:resource="@xml/flutter_share_file_paths" />
114-->[:open_file_android] AndroidManifest.xml:18:17-50
115        </provider>
116        <!--
117           This manifest declared broadcast receiver allows us to use an explicit
118           Intent when creating a PendingItent to be informed of the user's choice
119        -->
120        <receiver
120-->[:share_plus] AndroidManifest.xml:26:9-32:20
121            android:name="dev.fluttercommunity.plus.share.SharePlusPendingIntent"
121-->[:share_plus] AndroidManifest.xml:27:13-82
122            android:exported="false" >
122-->[:share_plus] AndroidManifest.xml:28:13-37
123            <intent-filter>
123-->[:share_plus] AndroidManifest.xml:29:13-31:29
124                <action android:name="EXTRA_CHOSEN_COMPONENT" />
124-->[:share_plus] AndroidManifest.xml:30:17-65
124-->[:share_plus] AndroidManifest.xml:30:25-62
125            </intent-filter>
126        </receiver>
127
128        <uses-library
128-->[androidx.window:window:1.2.0] AndroidManifest.xml:23:9-25:40
129            android:name="androidx.window.extensions"
129-->[androidx.window:window:1.2.0] AndroidManifest.xml:24:13-54
130            android:required="false" />
130-->[androidx.window:window:1.2.0] AndroidManifest.xml:25:13-37
131        <uses-library
131-->[androidx.window:window:1.2.0] AndroidManifest.xml:26:9-28:40
132            android:name="androidx.window.sidecar"
132-->[androidx.window:window:1.2.0] AndroidManifest.xml:27:13-51
133            android:required="false" />
133-->[androidx.window:window:1.2.0] AndroidManifest.xml:28:13-37
134
135        <provider
135-->[androidx.emoji2:emoji2:1.2.0] AndroidManifest.xml:24:9-32:20
136            android:name="androidx.startup.InitializationProvider"
136-->[androidx.emoji2:emoji2:1.2.0] AndroidManifest.xml:25:13-67
137            android:authorities="com.app.majrekar.majrekar_app.androidx-startup"
137-->[androidx.emoji2:emoji2:1.2.0] AndroidManifest.xml:26:13-68
138            android:exported="false" >
138-->[androidx.emoji2:emoji2:1.2.0] AndroidManifest.xml:27:13-37
139            <meta-data
139-->[androidx.emoji2:emoji2:1.2.0] AndroidManifest.xml:29:13-31:52
140                android:name="androidx.emoji2.text.EmojiCompatInitializer"
140-->[androidx.emoji2:emoji2:1.2.0] AndroidManifest.xml:30:17-75
141                android:value="androidx.startup" />
141-->[androidx.emoji2:emoji2:1.2.0] AndroidManifest.xml:31:17-49
142            <meta-data
142-->[androidx.lifecycle:lifecycle-process:2.7.0] AndroidManifest.xml:29:13-31:52
143                android:name="androidx.lifecycle.ProcessLifecycleInitializer"
143-->[androidx.lifecycle:lifecycle-process:2.7.0] AndroidManifest.xml:30:17-78
144                android:value="androidx.startup" />
144-->[androidx.lifecycle:lifecycle-process:2.7.0] AndroidManifest.xml:31:17-49
145            <meta-data
145-->[androidx.profileinstaller:profileinstaller:1.3.1] AndroidManifest.xml:29:13-31:52
146                android:name="androidx.profileinstaller.ProfileInstallerInitializer"
146-->[androidx.profileinstaller:profileinstaller:1.3.1] AndroidManifest.xml:30:17-85
147                android:value="androidx.startup" />
147-->[androidx.profileinstaller:profileinstaller:1.3.1] AndroidManifest.xml:31:17-49
148        </provider>
149
150        <receiver
150-->[androidx.profileinstaller:profileinstaller:1.3.1] AndroidManifest.xml:34:9-52:20
151            android:name="androidx.profileinstaller.ProfileInstallReceiver"
151-->[androidx.profileinstaller:profileinstaller:1.3.1] AndroidManifest.xml:35:13-76
152            android:directBootAware="false"
152-->[androidx.profileinstaller:profileinstaller:1.3.1] AndroidManifest.xml:36:13-44
153            android:enabled="true"
153-->[androidx.profileinstaller:profileinstaller:1.3.1] AndroidManifest.xml:37:13-35
154            android:exported="true"
154-->[androidx.profileinstaller:profileinstaller:1.3.1] AndroidManifest.xml:38:13-36
155            android:permission="android.permission.DUMP" >
155-->[androidx.profileinstaller:profileinstaller:1.3.1] AndroidManifest.xml:39:13-57
156            <intent-filter>
156-->[androidx.profileinstaller:profileinstaller:1.3.1] AndroidManifest.xml:40:13-42:29
157                <action android:name="androidx.profileinstaller.action.INSTALL_PROFILE" />
157-->[androidx.profileinstaller:profileinstaller:1.3.1] AndroidManifest.xml:41:17-91
157-->[androidx.profileinstaller:profileinstaller:1.3.1] AndroidManifest.xml:41:25-88
158            </intent-filter>
159            <intent-filter>
159-->[androidx.profileinstaller:profileinstaller:1.3.1] AndroidManifest.xml:43:13-45:29
160                <action android:name="androidx.profileinstaller.action.SKIP_FILE" />
160-->[androidx.profileinstaller:profileinstaller:1.3.1] AndroidManifest.xml:44:17-85
160-->[androidx.profileinstaller:profileinstaller:1.3.1] AndroidManifest.xml:44:25-82
161            </intent-filter>
162            <intent-filter>
162-->[androidx.profileinstaller:profileinstaller:1.3.1] AndroidManifest.xml:46:13-48:29
163                <action android:name="androidx.profileinstaller.action.SAVE_PROFILE" />
163-->[androidx.profileinstaller:profileinstaller:1.3.1] AndroidManifest.xml:47:17-88
163-->[androidx.profileinstaller:profileinstaller:1.3.1] AndroidManifest.xml:47:25-85
164            </intent-filter>
165            <intent-filter>
165-->[androidx.profileinstaller:profileinstaller:1.3.1] AndroidManifest.xml:49:13-51:29
166                <action android:name="androidx.profileinstaller.action.BENCHMARK_OPERATION" />
166-->[androidx.profileinstaller:profileinstaller:1.3.1] AndroidManifest.xml:50:17-95
166-->[androidx.profileinstaller:profileinstaller:1.3.1] AndroidManifest.xml:50:25-92
167            </intent-filter>
168        </receiver>
169    </application>
170
171</manifest>